   1: int main(){
Parser:   <program>
Parser:     <func decl>
   2:   return 0;
Parser:       <func body>
Parser:         <statm list>
Parser:           <statement>
Parser:             <return-statm>
   3: }
Parser:               <expression>
Parser:                 <number>
   4: 
Parser:                 </number>
Parser:               </expression>
Parser:             </return-statm>
Parser:           </statement>
Parser:         </statm list>
Parser:       </func body>
Parser:     </func decl>
Parser:   </program>
