Binding: Line 15: i1 refers to declaration in line 14
Binding: Line 15: i1 refers to declaration in line 14
Binding: Line 15: i1 refers to declaration in line 14
Binding: Line 15: i1 refers to declaration in line 14
Binding: Line 16: i2 refers to declaration in line 14
Binding: Line 16: i1 refers to declaration in line 14
Binding: Line 16: i2 refers to declaration in line 14
Binding: Line 16: i2 refers to declaration in line 14
Binding: Line 16: i2 refers to declaration in line 14
Binding: Line 16: i1 refers to declaration in line 14
Binding: Line 17: prime refers to declaration in line 7
Binding: Line 17: i2 refers to declaration in line 14
Binding: Line 28: a refers to declaration in line 22
Binding: Line 28: a refers to declaration in line 22
Binding: Line 28: b refers to declaration in line 22
Binding: Line 28: b refers to declaration in line 22
Binding: Line 35: a refers to declaration in line 31
Binding: Line 35: n_chars refers to declaration in line 31
Binding: Line 35: a refers to declaration in line 31
Binding: Line 36: a refers to declaration in line 31
Binding: Line 37: n_chars refers to declaration in line 31
Binding: Line 37: a refers to declaration in line 31
Binding: Line 46: i refers to declaration in line 44
Binding: Line 46: n_chars refers to declaration in line 31
Binding: Line 46: v refers to declaration in line 40
Binding: Line 46: i refers to declaration in line 44
Binding: Line 46: w refers to declaration in line 40
Binding: Line 46: i refers to declaration in line 44
Binding: Line 46: i refers to declaration in line 44
Binding: Line 46: putchar refers to declaration in the library
Binding: Line 47: putint refers to declaration in the library
Binding: Line 47: v refers to declaration in line 40
Binding: Line 54: a refers to declaration in line 50
Binding: Line 54: b refers to declaration in line 50
Binding: Line 63: n_printed refers to declaration in line 62
Binding: Line 64: i refers to declaration in line 62
Binding: Line 64: i refers to declaration in line 62
Binding: Line 64: i refers to declaration in line 62
Binding: Line 64: i refers to declaration in line 62
Binding: Line 65: prime refers to declaration in line 7
Binding: Line 65: i refers to declaration in line 62
Binding: Line 66: and refers to declaration in line 50
Binding: Line 66: mod refers to declaration in line 22
Binding: Line 66: n_printed refers to declaration in line 62
Binding: Line 66: n_printed refers to declaration in line 62
Binding: Line 66: putchar refers to declaration in the library
Binding: Line 66: LF refers to declaration in line 8
Binding: Line 67: putchar refers to declaration in the library
Binding: Line 67: pn refers to declaration in line 40
Binding: Line 67: i refers to declaration in line 62
Binding: Line 67: n_printed refers to declaration in line 62
Binding: Line 67: n_printed refers to declaration in line 62
Binding: Line 70: putchar refers to declaration in the library
Binding: Line 70: LF refers to declaration in line 8
Binding: Line 76: LF refers to declaration in line 8
Binding: Line 79: prime refers to declaration in line 7
Binding: Line 80: i refers to declaration in line 75
Binding: Line 80: i refers to declaration in line 75
Binding: Line 80: i refers to declaration in line 75
Binding: Line 80: i refers to declaration in line 75
Binding: Line 80: prime refers to declaration in line 7
Binding: Line 80: i refers to declaration in line 75
Binding: Line 83: find_primes refers to declaration in line 10
Binding: Line 83: print_primes refers to declaration in line 58
Binding: main refers to declaration in line 73
