Parser:  <program>
Parser:    <func decl>
1:  int main () 
2: {
Parser:      <var decl>
Parser:      </var decl>
Parser:      <statm list>
Parser:        <assign-statm>
Parser:          <assignment>
Parser:            <variable>
3:    int x;  x = 'x';
Parser:            </variable>
Parser:            <expression>
Parser:              <number>
Parser:              </number>
Parser:            </expression>
Parser:          </assignment>
Parser:        </assign-statm>
Parser:        <call-statm>
Parser:          <function call>
Parser:            <expr list>
Parser:              <expression>
Parser:                <expression>
Parser:                  <variable>
Parser:                  </variable>
4:    putint(((x));  /* En ) for lite! */
Parser:                </expression>
Parser:              </expression>
