Parser:  <program>
Parser:    <func decl>
1:  int f () {
Parser:      <statm list>
Parser:        <return-statm>
2:    return a;  /* Navnet `a´ er ukjent ennå! */
3: }
Parser:          <expression>
Parser:            <variable>
Parser:            </variable>
Parser:          </expression>
Parser:        </return-statm>
Parser:      </statm list>
5: int a;
Parser:    </func decl>
Parser:    <var decl>
Parser:    </var decl>
Parser:    <func decl>
7: int main () {
Parser:      <var decl>
Parser:      </var decl>
Parser:      <statm list>
Parser:        <assign-statm>
Parser:          <assignment>
Parser:            <variable>
Parser:            </variable>
Parser:            <expression>
Parser:              <function call>
8:    int x;  x = f();
Parser:                <expr list>
Parser:                  <expression>
Parser:                  </expression>
Parser:                </expr list>
Parser:              </function call
Parser:            </expression>
Parser:          </assignment>
Parser:        </assign-statm>
Parser:        <call-statm>
Parser:          <function call>
Parser:            <expr list>
Parser:              <expression>
Parser:                <variable>
Parser:                </variable>
Parser:              </expression>
Parser:            </expr list>
Parser:          </function call
Parser:        </call-statm>
Parser:        <call-statm>
Parser:          <function call>
9:    putint(x);   putchar(10);
Parser:            <expr list>
Parser:              <expression>
Parser:                <number>
10: }
Parser:                </number>
Parser:              </expression>
Parser:            </expr list>
Parser:          </function call
Parser:        </call-statm>
Parser:      </statm list>
Parser:    </func decl>
Parser:  </program>
Tree:		int f()
Tree:		{
Tree:			return a;
Tree:		}
Tree:		int a;
Tree:		int main()
Tree:		{
Tree:			int main;
Tree:			x = f();
Tree:			putint(x);
Tree:			putchar(10);
Tree:		}
